--- Copying files at Tue Sep  8 09:59:44 UTC 2015
/usr/share/jenkins/ref/init.groovy.d/tcp-slave-agent-port.groovy
 /usr/share/jenkins/ref/init.groovy.d/tcp-slave-agent-port.groovy -> init.groovy.d/tcp-slave-agent-port.groovy
copy init.groovy.d/tcp-slave-agent-port.groovy to JENKINS_HOME
--- Copying files at Tue Sep  8 10:17:00 UTC 2015
/usr/share/jenkins/ref/init.groovy.d/tcp-slave-agent-port.groovy
 /usr/share/jenkins/ref/init.groovy.d/tcp-slave-agent-port.groovy -> init.groovy.d/tcp-slave-agent-port.groovy
--- Copying files at Tue Sep  8 13:56:06 UTC 2015
/usr/share/jenkins/ref/init.groovy.d/tcp-slave-agent-port.groovy
 /usr/share/jenkins/ref/init.groovy.d/tcp-slave-agent-port.groovy -> init.groovy.d/tcp-slave-agent-port.groovy
--- Copying files at Tue Sep  8 15:02:07 UTC 2015
/usr/share/jenkins/ref/init.groovy.d/tcp-slave-agent-port.groovy
 /usr/share/jenkins/ref/init.groovy.d/tcp-slave-agent-port.groovy -> init.groovy.d/tcp-slave-agent-port.groovy
--- Copying files at Wed Sep  9 10:29:06 UTC 2015
/usr/share/jenkins/ref/init.groovy.d/tcp-slave-agent-port.groovy
 /usr/share/jenkins/ref/init.groovy.d/tcp-slave-agent-port.groovy -> init.groovy.d/tcp-slave-agent-port.groovy
--- Copying files at Wed Sep  9 14:11:10 UTC 2015
/usr/share/jenkins/ref/init.groovy.d/tcp-slave-agent-port.groovy
 /usr/share/jenkins/ref/init.groovy.d/tcp-slave-agent-port.groovy -> init.groovy.d/tcp-slave-agent-port.groovy
--- Copying files at Thu Sep 10 08:45:43 UTC 2015
/usr/share/jenkins/ref/init.groovy.d/tcp-slave-agent-port.groovy
 /usr/share/jenkins/ref/init.groovy.d/tcp-slave-agent-port.groovy -> init.groovy.d/tcp-slave-agent-port.groovy
--- Copying files at Thu Sep 10 11:47:05 UTC 2015
/usr/share/jenkins/ref/init.groovy.d/tcp-slave-agent-port.groovy
 /usr/share/jenkins/ref/init.groovy.d/tcp-slave-agent-port.groovy -> init.groovy.d/tcp-slave-agent-port.groovy
--- Copying files at Fri Sep 11 08:17:57 UTC 2015
/usr/share/jenkins/ref/init.groovy.d/tcp-slave-agent-port.groovy
 /usr/share/jenkins/ref/init.groovy.d/tcp-slave-agent-port.groovy -> init.groovy.d/tcp-slave-agent-port.groovy
--- Copying files at Fri Sep 11 09:12:01 UTC 2015
/usr/share/jenkins/ref/init.groovy.d/tcp-slave-agent-port.groovy
 /usr/share/jenkins/ref/init.groovy.d/tcp-slave-agent-port.groovy -> init.groovy.d/tcp-slave-agent-port.groovy
--- Copying files at Fri Sep 11 10:04:38 UTC 2015
/usr/share/jenkins/ref/init.groovy.d/tcp-slave-agent-port.groovy
 /usr/share/jenkins/ref/init.groovy.d/tcp-slave-agent-port.groovy -> init.groovy.d/tcp-slave-agent-port.groovy
--- Copying files at Fri Sep 11 10:10:26 UTC 2015
/usr/share/jenkins/ref/init.groovy.d/tcp-slave-agent-port.groovy
 /usr/share/jenkins/ref/init.groovy.d/tcp-slave-agent-port.groovy -> init.groovy.d/tcp-slave-agent-port.groovy
